{"/Users/patrickb./Desktop/Smart-Expense-Tracker/backend/routes/coach.js": {"path":"/Users/patrickb./Desktop/Smart-Expense-Tracker/backend/routes/coach.js","statementMap":{"0":{"start":{"line":1,"column":16},"end":{"line":1,"column":34}},"1":{"start":{"line":2,"column":14},"end":{"line":2,"column":30}},"2":{"start":{"line":3,"column":15},"end":{"line":3,"column":31}},"3":{"start":{"line":7,"column":2},"end":{"line":8,"column":156}},"4":{"start":{"line":12,"column":0},"end":{"line":41,"column":3}},"5":{"start":{"line":13,"column":2},"end":{"line":40,"column":3}},"6":{"start":{"line":14,"column":41},"end":{"line":14,"column":49}},"7":{"start":{"line":15,"column":19},"end":{"line":15,"column":56}},"8":{"start":{"line":17,"column":21},"end":{"line":34,"column":5}},"9":{"start":{"line":36,"column":4},"end":{"line":36,"column":28}},"10":{"start":{"line":38,"column":4},"end":{"line":38,"column":23}},"11":{"start":{"line":39,"column":4},"end":{"line":39,"column":58}},"12":{"start":{"line":43,"column":0},"end":{"line":43,"column":24}}},"fnMap":{"0":{"name":"buildPrompt","decl":{"start":{"line":6,"column":9},"end":{"line":6,"column":20}},"loc":{"start":{"line":6,"column":47},"end":{"line":9,"column":1}},"line":6},"1":{"name":"(anonymous_1)","decl":{"start":{"line":12,"column":17},"end":{"line":12,"column":18}},"loc":{"start":{"line":12,"column":37},"end":{"line":41,"column":1}},"line":12}},"branchMap":{},"s":{"0":1,"1":1,"2":1,"3":2,"4":1,"5":2,"6":2,"7":2,"8":1,"9":1,"10":1,"11":1,"12":1},"f":{"0":2,"1":2},"b":{},"_coverageSchema":"1a1c01bbd47fc00a2c39e90264f33305004495a9","hash":"2072ab13cc183f96f0e3e57ee8cf670752e44b5e"}
,"/Users/patrickb./Desktop/Smart-Expense-Tracker/backend/src/recurringScheduler.js": {"path":"/Users/patrickb./Desktop/Smart-Expense-Tracker/backend/src/recurringScheduler.js","statementMap":{"0":{"start":{"line":1,"column":13},"end":{"line":1,"column":33}},"1":{"start":{"line":2,"column":41},"end":{"line":2,"column":71}},"2":{"start":{"line":5,"column":0},"end":{"line":16,"column":1}},"3":{"start":{"line":7,"column":2},"end":{"line":15,"column":5}},"4":{"start":{"line":8,"column":4},"end":{"line":14,"column":5}},"5":{"start":{"line":9,"column":6},"end":{"line":9,"column":79}},"6":{"start":{"line":10,"column":6},"end":{"line":10,"column":43}},"7":{"start":{"line":11,"column":6},"end":{"line":11,"column":48}},"8":{"start":{"line":13,"column":6},"end":{"line":13,"column":56}}},"fnMap":{"0":{"name":"(anonymous_0)","decl":{"start":{"line":7,"column":29},"end":{"line":7,"column":30}},"loc":{"start":{"line":7,"column":41},"end":{"line":15,"column":3}},"line":7}},"branchMap":{"0":{"loc":{"start":{"line":5,"column":0},"end":{"line":16,"column":1}},"type":"if","locations":[{"start":{"line":5,"column":0},"end":{"line":16,"column":1}},{"start":{},"end":{}}],"line":5}},"s":{"0":1,"1":1,"2":1,"3":0,"4":0,"5":0,"6":0,"7":0,"8":0},"f":{"0":0},"b":{"0":[0,1]},"_coverageSchema":"1a1c01bbd47fc00a2c39e90264f33305004495a9","hash":"dcb727a513240e31cd9d635220d7e48daba53b3d"}
,"/Users/patrickb./Desktop/Smart-Expense-Tracker/backend/src/server.js": {"path":"/Users/patrickb./Desktop/Smart-Expense-Tracker/backend/src/server.js","statementMap":{"0":{"start":{"line":1,"column":16},"end":{"line":1,"column":34}},"1":{"start":{"line":2,"column":17},"end":{"line":2,"column":36}},"2":{"start":{"line":3,"column":13},"end":{"line":3,"column":28}},"3":{"start":{"line":4,"column":15},"end":{"line":4,"column":32}},"4":{"start":{"line":5,"column":18},"end":{"line":5,"column":47}},"5":{"start":{"line":6,"column":15},"end":{"line":6,"column":32}},"6":{"start":{"line":7,"column":15},"end":{"line":7,"column":34}},"7":{"start":{"line":10,"column":19},"end":{"line":10,"column":49}},"8":{"start":{"line":11,"column":22},"end":{"line":11,"column":55}},"9":{"start":{"line":12,"column":28},"end":{"line":12,"column":67}},"10":{"start":{"line":13,"column":24},"end":{"line":13,"column":59}},"11":{"start":{"line":14,"column":20},"end":{"line":14,"column":46}},"12":{"start":{"line":17,"column":0},"end":{"line":17,"column":32}},"13":{"start":{"line":20,"column":12},"end":{"line":20,"column":21}},"14":{"start":{"line":23,"column":0},"end":{"line":23,"column":18}},"15":{"start":{"line":24,"column":0},"end":{"line":24,"column":34}},"16":{"start":{"line":25,"column":0},"end":{"line":25,"column":37}},"17":{"start":{"line":28,"column":0},"end":{"line":30,"column":1}},"18":{"start":{"line":29,"column":2},"end":{"line":29,"column":25}},"19":{"start":{"line":33,"column":0},"end":{"line":33,"column":24}},"20":{"start":{"line":34,"column":0},"end":{"line":34,"column":48}},"21":{"start":{"line":37,"column":0},"end":{"line":39,"column":65}},"22":{"start":{"line":38,"column":14},"end":{"line":38,"column":49}},"23":{"start":{"line":39,"column":16},"end":{"line":39,"column":63}},"24":{"start":{"line":42,"column":0},"end":{"line":42,"column":34}},"25":{"start":{"line":43,"column":0},"end":{"line":43,"column":40}},"26":{"start":{"line":44,"column":0},"end":{"line":44,"column":42}},"27":{"start":{"line":45,"column":0},"end":{"line":45,"column":43}},"28":{"start":{"line":46,"column":0},"end":{"line":46,"column":35}},"29":{"start":{"line":49,"column":0},"end":{"line":55,"column":3}},"30":{"start":{"line":50,"column":2},"end":{"line":54,"column":5}},"31":{"start":{"line":58,"column":0},"end":{"line":63,"column":3}},"32":{"start":{"line":59,"column":2},"end":{"line":62,"column":5}},"33":{"start":{"line":66,"column":0},"end":{"line":72,"column":3}},"34":{"start":{"line":67,"column":2},"end":{"line":67,"column":27}},"35":{"start":{"line":68,"column":2},"end":{"line":71,"column":5}},"36":{"start":{"line":75,"column":0},"end":{"line":80,"column":1}},"37":{"start":{"line":76,"column":2},"end":{"line":79,"column":5}},"38":{"start":{"line":77,"column":4},"end":{"line":77,"column":60}},"39":{"start":{"line":78,"column":4},"end":{"line":78,"column":54}},"40":{"start":{"line":82,"column":0},"end":{"line":82,"column":21}}},"fnMap":{"0":{"name":"(anonymous_0)","decl":{"start":{"line":38,"column":8},"end":{"line":38,"column":9}},"loc":{"start":{"line":38,"column":14},"end":{"line":38,"column":49}},"line":38},"1":{"name":"(anonymous_1)","decl":{"start":{"line":39,"column":9},"end":{"line":39,"column":10}},"loc":{"start":{"line":39,"column":16},"end":{"line":39,"column":63}},"line":39},"2":{"name":"(anonymous_2)","decl":{"start":{"line":49,"column":13},"end":{"line":49,"column":14}},"loc":{"start":{"line":49,"column":27},"end":{"line":55,"column":1}},"line":49},"3":{"name":"(anonymous_3)","decl":{"start":{"line":58,"column":8},"end":{"line":58,"column":9}},"loc":{"start":{"line":58,"column":22},"end":{"line":63,"column":1}},"line":58},"4":{"name":"(anonymous_4)","decl":{"start":{"line":66,"column":8},"end":{"line":66,"column":9}},"loc":{"start":{"line":66,"column":33},"end":{"line":72,"column":1}},"line":66},"5":{"name":"(anonymous_5)","decl":{"start":{"line":76,"column":26},"end":{"line":76,"column":27}},"loc":{"start":{"line":76,"column":32},"end":{"line":79,"column":3}},"line":76}},"branchMap":{"0":{"loc":{"start":{"line":28,"column":0},"end":{"line":30,"column":1}},"type":"if","locations":[{"start":{"line":28,"column":0},"end":{"line":30,"column":1}},{"start":{},"end":{}}],"line":28},"1":{"loc":{"start":{"line":70,"column":13},"end":{"line":70,"column":75}},"type":"cond-expr","locations":[{"start":{"line":70,"column":52},"end":{"line":70,"column":63}},{"start":{"line":70,"column":66},"end":{"line":70,"column":75}}],"line":70},"2":{"loc":{"start":{"line":75,"column":0},"end":{"line":80,"column":1}},"type":"if","locations":[{"start":{"line":75,"column":0},"end":{"line":80,"column":1}},{"start":{},"end":{}}],"line":75}},"s":{"0":1,"1":1,"2":1,"3":1,"4":1,"5":1,"6":1,"7":1,"8":1,"9":1,"10":1,"11":1,"12":1,"13":1,"14":1,"15":1,"16":1,"17":1,"18":0,"19":1,"20":1,"21":1,"22":0,"23":0,"24":1,"25":1,"26":1,"27":1,"28":1,"29":1,"30":0,"31":1,"32":0,"33":1,"34":0,"35":0,"36":1,"37":0,"38":0,"39":0,"40":1},"f":{"0":0,"1":0,"2":0,"3":0,"4":0,"5":0},"b":{"0":[0,1],"1":[0,0],"2":[0,1]},"_coverageSchema":"1a1c01bbd47fc00a2c39e90264f33305004495a9","hash":"eb16b1e1609e2fcab69747ddd19b5c5f4b9ab06b"}
,"/Users/patrickb./Desktop/Smart-Expense-Tracker/backend/src/config/index.js": {"path":"/Users/patrickb./Desktop/Smart-Expense-Tracker/backend/src/config/index.js","statementMap":{"0":{"start":{"line":1,"column":0},"end":{"line":1,"column":27}},"1":{"start":{"line":3,"column":0},"end":{"line":19,"column":2}}},"fnMap":{},"branchMap":{"0":{"loc":{"start":{"line":4,"column":8},"end":{"line":4,"column":32}},"type":"binary-expr","locations":[{"start":{"line":4,"column":8},"end":{"line":4,"column":24}},{"start":{"line":4,"column":28},"end":{"line":4,"column":32}}],"line":4},"1":{"loc":{"start":{"line":5,"column":12},"end":{"line":5,"column":82}},"type":"binary-expr","locations":[{"start":{"line":5,"column":12},"end":{"line":5,"column":35}},{"start":{"line":5,"column":39},"end":{"line":5,"column":82}}],"line":5},"2":{"loc":{"start":{"line":6,"column":13},"end":{"line":6,"column":56}},"type":"binary-expr","locations":[{"start":{"line":6,"column":13},"end":{"line":6,"column":35}},{"start":{"line":6,"column":39},"end":{"line":6,"column":56}}],"line":6},"3":{"loc":{"start":{"line":7,"column":15},"end":{"line":7,"column":52}},"type":"binary-expr","locations":[{"start":{"line":7,"column":15},"end":{"line":7,"column":35}},{"start":{"line":7,"column":39},"end":{"line":7,"column":52}}],"line":7},"4":{"loc":{"start":{"line":15,"column":12},"end":{"line":15,"column":42}},"type":"binary-expr","locations":[{"start":{"line":15,"column":12},"end":{"line":15,"column":35}},{"start":{"line":15,"column":39},"end":{"line":15,"column":42}}],"line":15}},"s":{"0":1,"1":1},"f":{},"b":{"0":[1,0],"1":[1,0],"2":[1,0],"3":[1,0],"4":[1,0]},"_coverageSchema":"1a1c01bbd47fc00a2c39e90264f33305004495a9","hash":"aa6a819259550f4ff0ccd9aade1b74f6b47dbd06"}
,"/Users/patrickb./Desktop/Smart-Expense-Tracker/backend/src/controllers/expenseController.js": {"path":"/Users/patrickb./Desktop/Smart-Expense-Tracker/backend/src/controllers/expenseController.js","statementMap":{"0":{"start":{"line":1,"column":16},"end":{"line":1,"column":44}},"1":{"start":{"line":3,"column":26},"end":{"line":249,"column":1}},"2":{"start":{"line":7,"column":4},"end":{"line":20,"column":5}},"3":{"start":{"line":8,"column":22},"end":{"line":11,"column":8}},"4":{"start":{"line":13,"column":6},"end":{"line":13,"column":27}},"5":{"start":{"line":14,"column":6},"end":{"line":14,"column":36}},"6":{"start":{"line":16,"column":6},"end":{"line":19,"column":9}},"7":{"start":{"line":25,"column":4},"end":{"line":72,"column":5}},"8":{"start":{"line":26,"column":20},"end":{"line":26,"column":42}},"9":{"start":{"line":27,"column":19},"end":{"line":27,"column":21}},"10":{"start":{"line":30,"column":6},"end":{"line":32,"column":7}},"11":{"start":{"line":31,"column":8},"end":{"line":31,"column":44}},"12":{"start":{"line":34,"column":6},"end":{"line":39,"column":7}},"13":{"start":{"line":35,"column":8},"end":{"line":38,"column":10}},"14":{"start":{"line":42,"column":6},"end":{"line":47,"column":7}},"15":{"start":{"line":43,"column":22},"end":{"line":43,"column":49}},"16":{"start":{"line":44,"column":8},"end":{"line":44,"column":54}},"17":{"start":{"line":46,"column":8},"end":{"line":46,"column":23}},"18":{"start":{"line":50,"column":20},"end":{"line":50,"column":51}},"19":{"start":{"line":51,"column":19},"end":{"line":51,"column":48}},"20":{"start":{"line":52,"column":19},"end":{"line":52,"column":37}},"21":{"start":{"line":54,"column":23},"end":{"line":57,"column":19}},"22":{"start":{"line":59,"column":20},"end":{"line":59,"column":55}},"23":{"start":{"line":61,"column":6},"end":{"line":66,"column":9}},"24":{"start":{"line":68,"column":6},"end":{"line":71,"column":9}},"25":{"start":{"line":77,"column":4},"end":{"line":93,"column":5}},"26":{"start":{"line":78,"column":22},"end":{"line":81,"column":8}},"27":{"start":{"line":83,"column":6},"end":{"line":85,"column":7}},"28":{"start":{"line":84,"column":8},"end":{"line":84,"column":68}},"29":{"start":{"line":87,"column":6},"end":{"line":87,"column":24}},"30":{"start":{"line":89,"column":6},"end":{"line":92,"column":9}},"31":{"start":{"line":98,"column":20},"end":{"line":98,"column":41}},"32":{"start":{"line":99,"column":27},"end":{"line":99,"column":109}},"33":{"start":{"line":100,"column":29},"end":{"line":100,"column":85}},"34":{"start":{"line":100,"column":53},"end":{"line":100,"column":84}},"35":{"start":{"line":102,"column":4},"end":{"line":104,"column":5}},"36":{"start":{"line":103,"column":6},"end":{"line":103,"column":64}},"37":{"start":{"line":106,"column":4},"end":{"line":125,"column":5}},"38":{"start":{"line":107,"column":22},"end":{"line":110,"column":8}},"39":{"start":{"line":112,"column":6},"end":{"line":114,"column":7}},"40":{"start":{"line":113,"column":8},"end":{"line":113,"column":68}},"41":{"start":{"line":116,"column":6},"end":{"line":116,"column":68}},"42":{"start":{"line":116,"column":32},"end":{"line":116,"column":66}},"43":{"start":{"line":117,"column":6},"end":{"line":117,"column":27}},"44":{"start":{"line":119,"column":6},"end":{"line":119,"column":24}},"45":{"start":{"line":121,"column":6},"end":{"line":124,"column":9}},"46":{"start":{"line":130,"column":4},"end":{"line":146,"column":5}},"47":{"start":{"line":131,"column":22},"end":{"line":134,"column":8}},"48":{"start":{"line":136,"column":6},"end":{"line":138,"column":7}},"49":{"start":{"line":137,"column":8},"end":{"line":137,"column":68}},"50":{"start":{"line":140,"column":6},"end":{"line":140,"column":60}},"51":{"start":{"line":142,"column":6},"end":{"line":145,"column":9}},"52":{"start":{"line":151,"column":4},"end":{"line":175,"column":5}},"53":{"start":{"line":152,"column":30},"end":{"line":152,"column":39}},"54":{"start":{"line":153,"column":27},"end":{"line":153,"column":78}},"55":{"start":{"line":154,"column":26},"end":{"line":154,"column":74}},"56":{"start":{"line":156,"column":28},"end":{"line":156,"column":115}},"57":{"start":{"line":157,"column":26},"end":{"line":157,"column":112}},"58":{"start":{"line":158,"column":36},"end":{"line":158,"column":132}},"59":{"start":{"line":159,"column":35},"end":{"line":159,"column":130}},"60":{"start":{"line":161,"column":6},"end":{"line":169,"column":9}},"61":{"start":{"line":171,"column":6},"end":{"line":174,"column":9}},"62":{"start":{"line":180,"column":4},"end":{"line":208,"column":5}},"63":{"start":{"line":181,"column":37},"end":{"line":181,"column":46}},"64":{"start":{"line":182,"column":20},"end":{"line":182,"column":64}},"65":{"start":{"line":183,"column":18},"end":{"line":183,"column":58}},"66":{"start":{"line":185,"column":36},"end":{"line":185,"column":107}},"67":{"start":{"line":186,"column":28},"end":{"line":186,"column":97}},"68":{"start":{"line":186,"column":71},"end":{"line":186,"column":93}},"69":{"start":{"line":189,"column":26},"end":{"line":189,"column":46}},"70":{"start":{"line":190,"column":25},"end":{"line":190,"column":44}},"71":{"start":{"line":191,"column":35},"end":{"line":191,"column":128}},"72":{"start":{"line":192,"column":26},"end":{"line":192,"column":94}},"73":{"start":{"line":192,"column":68},"end":{"line":192,"column":90}},"74":{"start":{"line":194,"column":6},"end":{"line":202,"column":9}},"75":{"start":{"line":204,"column":6},"end":{"line":207,"column":9}},"76":{"start":{"line":213,"column":4},"end":{"line":233,"column":5}},"77":{"start":{"line":214,"column":23},"end":{"line":214,"column":32}},"78":{"start":{"line":215,"column":26},"end":{"line":215,"column":74}},"79":{"start":{"line":216,"column":36},"end":{"line":216,"column":108}},"80":{"start":{"line":217,"column":35},"end":{"line":217,"column":106}},"81":{"start":{"line":218,"column":28},"end":{"line":218,"column":97}},"82":{"start":{"line":218,"column":71},"end":{"line":218,"column":93}},"83":{"start":{"line":219,"column":26},"end":{"line":219,"column":94}},"84":{"start":{"line":219,"column":68},"end":{"line":219,"column":90}},"85":{"start":{"line":220,"column":6},"end":{"line":227,"column":9}},"86":{"start":{"line":229,"column":6},"end":{"line":232,"column":9}},"87":{"start":{"line":238,"column":4},"end":{"line":247,"column":5}},"88":{"start":{"line":239,"column":44},"end":{"line":239,"column":53}},"89":{"start":{"line":240,"column":23},"end":{"line":240,"column":109}},"90":{"start":{"line":241,"column":6},"end":{"line":241,"column":29}},"91":{"start":{"line":243,"column":6},"end":{"line":246,"column":9}},"92":{"start":{"line":251,"column":0},"end":{"line":251,"column":35}}},"fnMap":{"0":{"name":"(anonymous_0)","decl":{"start":{"line":5,"column":2},"end":{"line":5,"column":3}},"loc":{"start":{"line":5,"column":25},"end":{"line":21,"column":3}},"line":5},"1":{"name":"(anonymous_1)","decl":{"start":{"line":24,"column":2},"end":{"line":24,"column":3}},"loc":{"start":{"line":24,"column":25},"end":{"line":73,"column":3}},"line":24},"2":{"name":"(anonymous_2)","decl":{"start":{"line":76,"column":2},"end":{"line":76,"column":3}},"loc":{"start":{"line":76,"column":26},"end":{"line":94,"column":3}},"line":76},"3":{"name":"(anonymous_3)","decl":{"start":{"line":97,"column":2},"end":{"line":97,"column":3}},"loc":{"start":{"line":97,"column":25},"end":{"line":126,"column":3}},"line":97},"4":{"name":"(anonymous_4)","decl":{"start":{"line":100,"column":43},"end":{"line":100,"column":44}},"loc":{"start":{"line":100,"column":53},"end":{"line":100,"column":84}},"line":100},"5":{"name":"(anonymous_5)","decl":{"start":{"line":116,"column":22},"end":{"line":116,"column":23}},"loc":{"start":{"line":116,"column":32},"end":{"line":116,"column":66}},"line":116},"6":{"name":"(anonymous_6)","decl":{"start":{"line":129,"column":2},"end":{"line":129,"column":3}},"loc":{"start":{"line":129,"column":25},"end":{"line":147,"column":3}},"line":129},"7":{"name":"(anonymous_7)","decl":{"start":{"line":150,"column":2},"end":{"line":150,"column":3}},"loc":{"start":{"line":150,"column":34},"end":{"line":176,"column":3}},"line":150},"8":{"name":"(anonymous_8)","decl":{"start":{"line":179,"column":2},"end":{"line":179,"column":3}},"loc":{"start":{"line":179,"column":33},"end":{"line":209,"column":3}},"line":179},"9":{"name":"(anonymous_9)","decl":{"start":{"line":186,"column":57},"end":{"line":186,"column":58}},"loc":{"start":{"line":186,"column":71},"end":{"line":186,"column":93}},"line":186},"10":{"name":"(anonymous_10)","decl":{"start":{"line":192,"column":54},"end":{"line":192,"column":55}},"loc":{"start":{"line":192,"column":68},"end":{"line":192,"column":90}},"line":192},"11":{"name":"(anonymous_11)","decl":{"start":{"line":212,"column":2},"end":{"line":212,"column":3}},"loc":{"start":{"line":212,"column":33},"end":{"line":234,"column":3}},"line":212},"12":{"name":"(anonymous_12)","decl":{"start":{"line":218,"column":57},"end":{"line":218,"column":58}},"loc":{"start":{"line":218,"column":71},"end":{"line":218,"column":93}},"line":218},"13":{"name":"(anonymous_13)","decl":{"start":{"line":219,"column":54},"end":{"line":219,"column":55}},"loc":{"start":{"line":219,"column":68},"end":{"line":219,"column":90}},"line":219},"14":{"name":"(anonymous_14)","decl":{"start":{"line":237,"column":2},"end":{"line":237,"column":3}},"loc":{"start":{"line":237,"column":35},"end":{"line":248,"column":3}},"line":237}},"branchMap":{"0":{"loc":{"start":{"line":30,"column":6},"end":{"line":32,"column":7}},"type":"if","locations":[{"start":{"line":30,"column":6},"end":{"line":32,"column":7}},{"start":{},"end":{}}],"line":30},"1":{"loc":{"start":{"line":34,"column":6},"end":{"line":39,"column":7}},"type":"if","locations":[{"start":{"line":34,"column":6},"end":{"line":39,"column":7}},{"start":{},"end":{}}],"line":34},"2":{"loc":{"start":{"line":34,"column":10},"end":{"line":34,"column":50}},"type":"binary-expr","locations":[{"start":{"line":34,"column":10},"end":{"line":34,"column":29}},{"start":{"line":34,"column":33},"end":{"line":34,"column":50}}],"line":34},"3":{"loc":{"start":{"line":42,"column":6},"end":{"line":47,"column":7}},"type":"if","locations":[{"start":{"line":42,"column":6},"end":{"line":47,"column":7}},{"start":{"line":45,"column":13},"end":{"line":47,"column":7}}],"line":42},"4":{"loc":{"start":{"line":44,"column":25},"end":{"line":44,"column":53}},"type":"cond-expr","locations":[{"start":{"line":44,"column":47},"end":{"line":44,"column":49}},{"start":{"line":44,"column":52},"end":{"line":44,"column":53}}],"line":44},"5":{"loc":{"start":{"line":50,"column":20},"end":{"line":50,"column":51}},"type":"binary-expr","locations":[{"start":{"line":50,"column":20},"end":{"line":50,"column":45}},{"start":{"line":50,"column":49},"end":{"line":50,"column":51}}],"line":50},"6":{"loc":{"start":{"line":51,"column":19},"end":{"line":51,"column":48}},"type":"binary-expr","locations":[{"start":{"line":51,"column":19},"end":{"line":51,"column":43}},{"start":{"line":51,"column":47},"end":{"line":51,"column":48}}],"line":51},"7":{"loc":{"start":{"line":83,"column":6},"end":{"line":85,"column":7}},"type":"if","locations":[{"start":{"line":83,"column":6},"end":{"line":85,"column":7}},{"start":{},"end":{}}],"line":83},"8":{"loc":{"start":{"line":102,"column":4},"end":{"line":104,"column":5}},"type":"if","locations":[{"start":{"line":102,"column":4},"end":{"line":104,"column":5}},{"start":{},"end":{}}],"line":102},"9":{"loc":{"start":{"line":112,"column":6},"end":{"line":114,"column":7}},"type":"if","locations":[{"start":{"line":112,"column":6},"end":{"line":114,"column":7}},{"start":{},"end":{}}],"line":112},"10":{"loc":{"start":{"line":136,"column":6},"end":{"line":138,"column":7}},"type":"if","locations":[{"start":{"line":136,"column":6},"end":{"line":138,"column":7}},{"start":{},"end":{}}],"line":136},"11":{"loc":{"start":{"line":153,"column":27},"end":{"line":153,"column":78}},"type":"cond-expr","locations":[{"start":{"line":153,"column":35},"end":{"line":153,"column":50}},{"start":{"line":153,"column":53},"end":{"line":153,"column":78}}],"line":153},"12":{"loc":{"start":{"line":154,"column":26},"end":{"line":154,"column":74}},"type":"cond-expr","locations":[{"start":{"line":154,"column":33},"end":{"line":154,"column":47}},{"start":{"line":154,"column":50},"end":{"line":154,"column":74}}],"line":154},"13":{"loc":{"start":{"line":182,"column":20},"end":{"line":182,"column":64}},"type":"cond-expr","locations":[{"start":{"line":182,"column":32},"end":{"line":182,"column":51}},{"start":{"line":182,"column":54},"end":{"line":182,"column":64}}],"line":182},"14":{"loc":{"start":{"line":183,"column":18},"end":{"line":183,"column":58}},"type":"cond-expr","locations":[{"start":{"line":183,"column":28},"end":{"line":183,"column":45}},{"start":{"line":183,"column":48},"end":{"line":183,"column":58}}],"line":183},"15":{"loc":{"start":{"line":186,"column":78},"end":{"line":186,"column":92}},"type":"binary-expr","locations":[{"start":{"line":186,"column":78},"end":{"line":186,"column":87}},{"start":{"line":186,"column":91},"end":{"line":186,"column":92}}],"line":186},"16":{"loc":{"start":{"line":192,"column":75},"end":{"line":192,"column":89}},"type":"binary-expr","locations":[{"start":{"line":192,"column":75},"end":{"line":192,"column":84}},{"start":{"line":192,"column":88},"end":{"line":192,"column":89}}],"line":192},"17":{"loc":{"start":{"line":215,"column":26},"end":{"line":215,"column":74}},"type":"cond-expr","locations":[{"start":{"line":215,"column":33},"end":{"line":215,"column":47}},{"start":{"line":215,"column":50},"end":{"line":215,"column":74}}],"line":215},"18":{"loc":{"start":{"line":218,"column":78},"end":{"line":218,"column":92}},"type":"binary-expr","locations":[{"start":{"line":218,"column":78},"end":{"line":218,"column":87}},{"start":{"line":218,"column":91},"end":{"line":218,"column":92}}],"line":218},"19":{"loc":{"start":{"line":219,"column":75},"end":{"line":219,"column":89}},"type":"binary-expr","locations":[{"start":{"line":219,"column":75},"end":{"line":219,"column":84}},{"start":{"line":219,"column":88},"end":{"line":219,"column":89}}],"line":219}},"s":{"0":1,"1":1,"2":0,"3":0,"4":0,"5":0,"6":0,"7":0,"8":0,"9":0,"10":0,"11":0,"12":0,"13":0,"14":0,"15":0,"16":0,"17":0,"18":0,"19":0,"20":0,"21":0,"22":0,"23":0,"24":0,"25":0,"26":0,"27":0,"28":0,"29":0,"30":0,"31":0,"32":0,"33":0,"34":0,"35":0,"36":0,"37":0,"38":0,"39":0,"40":0,"41":0,"42":0,"43":0,"44":0,"45":0,"46":0,"47":0,"48":0,"49":0,"50":0,"51":0,"52":0,"53":0,"54":0,"55":0,"56":0,"57":0,"58":0,"59":0,"60":0,"61":0,"62":0,"63":0,"64":0,"65":0,"66":0,"67":0,"68":0,"69":0,"70":0,"71":0,"72":0,"73":0,"74":0,"75":0,"76":0,"77":0,"78":0,"79":0,"80":0,"81":0,"82":0,"83":0,"84":0,"85":0,"86":0,"87":0,"88":0,"89":0,"90":0,"91":0,"92":1},"f":{"0":0,"1":0,"2":0,"3":0,"4":0,"5":0,"6":0,"7":0,"8":0,"9":0,"10":0,"11":0,"12":0,"13":0,"14":0},"b":{"0":[0,0],"1":[0,0],"2":[0,0],"3":[0,0],"4":[0,0],"5":[0,0],"6":[0,0],"7":[0,0],"8":[0,0],"9":[0,0],"10":[0,0],"11":[0,0],"12":[0,0],"13":[0,0],"14":[0,0],"15":[0,0],"16":[0,0],"17":[0,0],"18":[0,0],"19":[0,0]},"_coverageSchema":"1a1c01bbd47fc00a2c39e90264f33305004495a9","hash":"e48e27c248aa4d61ad25afb039e4918edfc80c53"}
,"/Users/patrickb./Desktop/Smart-Expense-Tracker/backend/src/controllers/passwordResetController.js": {"path":"/Users/patrickb./Desktop/Smart-Expense-Tracker/backend/src/controllers/passwordResetController.js","statementMap":{"0":{"start":{"line":1,"column":15},"end":{"line":1,"column":32}},"1":{"start":{"line":2,"column":13},"end":{"line":2,"column":38}},"2":{"start":{"line":3,"column":18},"end":{"line":3,"column":47}},"3":{"start":{"line":6,"column":0},"end":{"line":18,"column":2}},"4":{"start":{"line":7,"column":20},"end":{"line":7,"column":28}},"5":{"start":{"line":8,"column":15},"end":{"line":8,"column":44}},"6":{"start":{"line":9,"column":2},"end":{"line":16,"column":3}},"7":{"start":{"line":10,"column":18},"end":{"line":10,"column":56}},"8":{"start":{"line":11,"column":4},"end":{"line":11,"column":36}},"9":{"start":{"line":12,"column":4},"end":{"line":12,"column":53}},"10":{"start":{"line":13,"column":4},"end":{"line":13,"column":22}},"11":{"start":{"line":14,"column":21},"end":{"line":14,"column":84}},"12":{"start":{"line":15,"column":4},"end":{"line":15,"column":86}},"13":{"start":{"line":17,"column":2},"end":{"line":17,"column":93}},"14":{"start":{"line":21,"column":0},"end":{"line":33,"column":2}},"15":{"start":{"line":22,"column":33},"end":{"line":22,"column":41}},"16":{"start":{"line":23,"column":15},"end":{"line":26,"column":4}},"17":{"start":{"line":27,"column":2},"end":{"line":27,"column":80}},"18":{"start":{"line":27,"column":13},"end":{"line":27,"column":80}},"19":{"start":{"line":28,"column":2},"end":{"line":28,"column":30}},"20":{"start":{"line":29,"column":2},"end":{"line":29,"column":38}},"21":{"start":{"line":30,"column":2},"end":{"line":30,"column":40}},"22":{"start":{"line":31,"column":2},"end":{"line":31,"column":20}},"23":{"start":{"line":32,"column":2},"end":{"line":32,"column":52}}},"fnMap":{"0":{"name":"(anonymous_0)","decl":{"start":{"line":6,"column":25},"end":{"line":6,"column":26}},"loc":{"start":{"line":6,"column":45},"end":{"line":18,"column":1}},"line":6},"1":{"name":"(anonymous_1)","decl":{"start":{"line":21,"column":24},"end":{"line":21,"column":25}},"loc":{"start":{"line":21,"column":44},"end":{"line":33,"column":1}},"line":21}},"branchMap":{"0":{"loc":{"start":{"line":9,"column":2},"end":{"line":16,"column":3}},"type":"if","locations":[{"start":{"line":9,"column":2},"end":{"line":16,"column":3}},{"start":{},"end":{}}],"line":9},"1":{"loc":{"start":{"line":27,"column":2},"end":{"line":27,"column":80}},"type":"if","locations":[{"start":{"line":27,"column":2},"end":{"line":27,"column":80}},{"start":{},"end":{}}],"line":27}},"s":{"0":1,"1":1,"2":1,"3":1,"4":0,"5":0,"6":0,"7":0,"8":0,"9":0,"10":0,"11":0,"12":0,"13":0,"14":1,"15":0,"16":0,"17":0,"18":0,"19":0,"20":0,"21":0,"22":0,"23":0},"f":{"0":0,"1":0},"b":{"0":[0,0],"1":[0,0]},"_coverageSchema":"1a1c01bbd47fc00a2c39e90264f33305004495a9","hash":"08bb6d111ece04467ded9a1ca1dbe1694da13d95"}
,"/Users/patrickb./Desktop/Smart-Expense-Tracker/backend/src/controllers/recurringController.js": {"path":"/Users/patrickb./Desktop/Smart-Expense-Tracker/backend/src/controllers/recurringController.js","statementMap":{"0":{"start":{"line":1,"column":29},"end":{"line":1,"column":70}},"1":{"start":{"line":2,"column":16},"end":{"line":2,"column":44}},"2":{"start":{"line":6,"column":2},"end":{"line":12,"column":3}},"3":{"start":{"line":7,"column":17},"end":{"line":7,"column":52}},"4":{"start":{"line":8,"column":22},"end":{"line":8,"column":61}},"5":{"start":{"line":9,"column":4},"end":{"line":9,"column":36}},"6":{"start":{"line":11,"column":4},"end":{"line":11,"column":49}},"7":{"start":{"line":17,"column":2},"end":{"line":22,"column":3}},"8":{"start":{"line":18,"column":22},"end":{"line":18,"column":77}},"9":{"start":{"line":19,"column":4},"end":{"line":19,"column":24}},"10":{"start":{"line":21,"column":4},"end":{"line":21,"column":49}},"11":{"start":{"line":27,"column":2},"end":{"line":37,"column":3}},"12":{"start":{"line":28,"column":20},"end":{"line":32,"column":5}},"13":{"start":{"line":33,"column":4},"end":{"line":33,"column":70}},"14":{"start":{"line":33,"column":18},"end":{"line":33,"column":70}},"15":{"start":{"line":34,"column":4},"end":{"line":34,"column":22}},"16":{"start":{"line":36,"column":4},"end":{"line":36,"column":49}},"17":{"start":{"line":42,"column":2},"end":{"line":48,"column":3}},"18":{"start":{"line":43,"column":20},"end":{"line":43,"column":107}},"19":{"start":{"line":44,"column":4},"end":{"line":44,"column":70}},"20":{"start":{"line":44,"column":18},"end":{"line":44,"column":70}},"21":{"start":{"line":45,"column":4},"end":{"line":45,"column":37}},"22":{"start":{"line":47,"column":4},"end":{"line":47,"column":49}},"23":{"start":{"line":53,"column":2},"end":{"line":59,"column":3}},"24":{"start":{"line":54,"column":22},"end":{"line":54,"column":100}},"25":{"start":{"line":55,"column":4},"end":{"line":55,"column":72}},"26":{"start":{"line":55,"column":20},"end":{"line":55,"column":72}},"27":{"start":{"line":56,"column":4},"end":{"line":56,"column":24}},"28":{"start":{"line":58,"column":4},"end":{"line":58,"column":49}},"29":{"start":{"line":62,"column":0},"end":{"line":68,"column":2}}},"fnMap":{"0":{"name":"createRecurring","decl":{"start":{"line":5,"column":15},"end":{"line":5,"column":30}},"loc":{"start":{"line":5,"column":41},"end":{"line":13,"column":1}},"line":5},"1":{"name":"getRecurring","decl":{"start":{"line":16,"column":15},"end":{"line":16,"column":27}},"loc":{"start":{"line":16,"column":38},"end":{"line":23,"column":1}},"line":16},"2":{"name":"updateRecurring","decl":{"start":{"line":26,"column":15},"end":{"line":26,"column":30}},"loc":{"start":{"line":26,"column":41},"end":{"line":38,"column":1}},"line":26},"3":{"name":"deleteRecurring","decl":{"start":{"line":41,"column":15},"end":{"line":41,"column":30}},"loc":{"start":{"line":41,"column":41},"end":{"line":49,"column":1}},"line":41},"4":{"name":"getRecurringById","decl":{"start":{"line":52,"column":15},"end":{"line":52,"column":31}},"loc":{"start":{"line":52,"column":42},"end":{"line":60,"column":1}},"line":52}},"branchMap":{"0":{"loc":{"start":{"line":33,"column":4},"end":{"line":33,"column":70}},"type":"if","locations":[{"start":{"line":33,"column":4},"end":{"line":33,"column":70}},{"start":{},"end":{}}],"line":33},"1":{"loc":{"start":{"line":44,"column":4},"end":{"line":44,"column":70}},"type":"if","locations":[{"start":{"line":44,"column":4},"end":{"line":44,"column":70}},{"start":{},"end":{}}],"line":44},"2":{"loc":{"start":{"line":55,"column":4},"end":{"line":55,"column":72}},"type":"if","locations":[{"start":{"line":55,"column":4},"end":{"line":55,"column":72}},{"start":{},"end":{}}],"line":55}},"s":{"0":1,"1":1,"2":0,"3":0,"4":0,"5":0,"6":0,"7":0,"8":0,"9":0,"10":0,"11":0,"12":0,"13":0,"14":0,"15":0,"16":0,"17":0,"18":0,"19":0,"20":0,"21":0,"22":0,"23":0,"24":0,"25":0,"26":0,"27":0,"28":0,"29":1},"f":{"0":0,"1":0,"2":0,"3":0,"4":0},"b":{"0":[0,0],"1":[0,0],"2":[0,0]},"_coverageSchema":"1a1c01bbd47fc00a2c39e90264f33305004495a9","hash":"98ea8d9ff5881a8b619d8c8cd22292b86dc1e2bc"}
,"/Users/patrickb./Desktop/Smart-Expense-Tracker/backend/src/controllers/userController.js": {"path":"/Users/patrickb./Desktop/Smart-Expense-Tracker/backend/src/controllers/userController.js","statementMap":{"0":{"start":{"line":1,"column":13},"end":{"line":1,"column":38}},"1":{"start":{"line":2,"column":26},"end":{"line":2,"column":55}},"2":{"start":{"line":4,"column":23},"end":{"line":134,"column":1}},"3":{"start":{"line":7,"column":4},"end":{"line":37,"column":5}},"4":{"start":{"line":8,"column":40},"end":{"line":8,"column":48}},"5":{"start":{"line":11,"column":27},"end":{"line":11,"column":56}},"6":{"start":{"line":12,"column":6},"end":{"line":14,"column":7}},"7":{"start":{"line":13,"column":8},"end":{"line":13,"column":75}},"8":{"start":{"line":17,"column":19},"end":{"line":21,"column":8}},"9":{"start":{"line":23,"column":6},"end":{"line":23,"column":24}},"10":{"start":{"line":26,"column":20},"end":{"line":26,"column":43}},"11":{"start":{"line":28,"column":6},"end":{"line":31,"column":9}},"12":{"start":{"line":33,"column":6},"end":{"line":36,"column":9}},"13":{"start":{"line":42,"column":4},"end":{"line":73,"column":5}},"14":{"start":{"line":43,"column":34},"end":{"line":43,"column":42}},"15":{"start":{"line":46,"column":19},"end":{"line":46,"column":48}},"16":{"start":{"line":47,"column":6},"end":{"line":49,"column":7}},"17":{"start":{"line":48,"column":8},"end":{"line":48,"column":70}},"18":{"start":{"line":52,"column":22},"end":{"line":52,"column":58}},"19":{"start":{"line":53,"column":6},"end":{"line":55,"column":7}},"20":{"start":{"line":54,"column":8},"end":{"line":54,"column":70}},"21":{"start":{"line":58,"column":6},"end":{"line":58,"column":34}},"22":{"start":{"line":59,"column":6},"end":{"line":59,"column":24}},"23":{"start":{"line":62,"column":20},"end":{"line":62,"column":43}},"24":{"start":{"line":64,"column":6},"end":{"line":67,"column":9}},"25":{"start":{"line":69,"column":6},"end":{"line":72,"column":9}},"26":{"start":{"line":78,"column":4},"end":{"line":85,"column":5}},"27":{"start":{"line":79,"column":6},"end":{"line":79,"column":40}},"28":{"start":{"line":81,"column":6},"end":{"line":84,"column":9}},"29":{"start":{"line":90,"column":20},"end":{"line":90,"column":41}},"30":{"start":{"line":91,"column":27},"end":{"line":91,"column":71}},"31":{"start":{"line":92,"column":29},"end":{"line":92,"column":85}},"32":{"start":{"line":92,"column":53},"end":{"line":92,"column":84}},"33":{"start":{"line":94,"column":4},"end":{"line":96,"column":5}},"34":{"start":{"line":95,"column":6},"end":{"line":95,"column":64}},"35":{"start":{"line":98,"column":4},"end":{"line":108,"column":5}},"36":{"start":{"line":99,"column":6},"end":{"line":99,"column":69}},"37":{"start":{"line":99,"column":32},"end":{"line":99,"column":67}},"38":{"start":{"line":100,"column":6},"end":{"line":100,"column":28}},"39":{"start":{"line":102,"column":6},"end":{"line":102,"column":40}},"40":{"start":{"line":104,"column":6},"end":{"line":107,"column":9}},"41":{"start":{"line":113,"column":4},"end":{"line":132,"column":5}},"42":{"start":{"line":114,"column":47},"end":{"line":114,"column":55}},"43":{"start":{"line":117,"column":22},"end":{"line":117,"column":69}},"44":{"start":{"line":118,"column":6},"end":{"line":120,"column":7}},"45":{"start":{"line":119,"column":8},"end":{"line":119,"column":80}},"46":{"start":{"line":123,"column":6},"end":{"line":123,"column":38}},"47":{"start":{"line":124,"column":6},"end":{"line":124,"column":28}},"48":{"start":{"line":126,"column":6},"end":{"line":126,"column":61}},"49":{"start":{"line":128,"column":6},"end":{"line":131,"column":9}},"50":{"start":{"line":136,"column":0},"end":{"line":136,"column":32}}},"fnMap":{"0":{"name":"(anonymous_0)","decl":{"start":{"line":6,"column":2},"end":{"line":6,"column":3}},"loc":{"start":{"line":6,"column":27},"end":{"line":38,"column":3}},"line":6},"1":{"name":"(anonymous_1)","decl":{"start":{"line":41,"column":2},"end":{"line":41,"column":3}},"loc":{"start":{"line":41,"column":24},"end":{"line":74,"column":3}},"line":41},"2":{"name":"(anonymous_2)","decl":{"start":{"line":77,"column":2},"end":{"line":77,"column":3}},"loc":{"start":{"line":77,"column":29},"end":{"line":86,"column":3}},"line":77},"3":{"name":"(anonymous_3)","decl":{"start":{"line":89,"column":2},"end":{"line":89,"column":3}},"loc":{"start":{"line":89,"column":32},"end":{"line":109,"column":3}},"line":89},"4":{"name":"(anonymous_4)","decl":{"start":{"line":92,"column":43},"end":{"line":92,"column":44}},"loc":{"start":{"line":92,"column":53},"end":{"line":92,"column":84}},"line":92},"5":{"name":"(anonymous_5)","decl":{"start":{"line":99,"column":22},"end":{"line":99,"column":23}},"loc":{"start":{"line":99,"column":32},"end":{"line":99,"column":67}},"line":99},"6":{"name":"(anonymous_6)","decl":{"start":{"line":112,"column":2},"end":{"line":112,"column":3}},"loc":{"start":{"line":112,"column":33},"end":{"line":133,"column":3}},"line":112}},"branchMap":{"0":{"loc":{"start":{"line":12,"column":6},"end":{"line":14,"column":7}},"type":"if","locations":[{"start":{"line":12,"column":6},"end":{"line":14,"column":7}},{"start":{},"end":{}}],"line":12},"1":{"loc":{"start":{"line":47,"column":6},"end":{"line":49,"column":7}},"type":"if","locations":[{"start":{"line":47,"column":6},"end":{"line":49,"column":7}},{"start":{},"end":{}}],"line":47},"2":{"loc":{"start":{"line":53,"column":6},"end":{"line":55,"column":7}},"type":"if","locations":[{"start":{"line":53,"column":6},"end":{"line":55,"column":7}},{"start":{},"end":{}}],"line":53},"3":{"loc":{"start":{"line":94,"column":4},"end":{"line":96,"column":5}},"type":"if","locations":[{"start":{"line":94,"column":4},"end":{"line":96,"column":5}},{"start":{},"end":{}}],"line":94},"4":{"loc":{"start":{"line":118,"column":6},"end":{"line":120,"column":7}},"type":"if","locations":[{"start":{"line":118,"column":6},"end":{"line":120,"column":7}},{"start":{},"end":{}}],"line":118}},"s":{"0":1,"1":1,"2":1,"3":0,"4":0,"5":0,"6":0,"7":0,"8":0,"9":0,"10":0,"11":0,"12":0,"13":0,"14":0,"15":0,"16":0,"17":0,"18":0,"19":0,"20":0,"21":0,"22":0,"23":0,"24":0,"25":0,"26":0,"27":0,"28":0,"29":0,"30":0,"31":0,"32":0,"33":0,"34":0,"35":0,"36":0,"37":0,"38":0,"39":0,"40":0,"41":0,"42":0,"43":0,"44":0,"45":0,"46":0,"47":0,"48":0,"49":0,"50":1},"f":{"0":0,"1":0,"2":0,"3":0,"4":0,"5":0,"6":0},"b":{"0":[0,0],"1":[0,0],"2":[0,0],"3":[0,0],"4":[0,0]},"_coverageSchema":"1a1c01bbd47fc00a2c39e90264f33305004495a9","hash":"b48fde6f05447b082546f57b3abbb344e1a06e6a"}
,"/Users/patrickb./Desktop/Smart-Expense-Tracker/backend/src/jobs/recurringJob.js": {"path":"/Users/patrickb./Desktop/Smart-Expense-Tracker/backend/src/jobs/recurringJob.js","statementMap":{"0":{"start":{"line":1,"column":29},"end":{"line":1,"column":70}},"1":{"start":{"line":2,"column":16},"end":{"line":2,"column":44}},"2":{"start":{"line":12,"column":15},"end":{"line":12,"column":32}},"3":{"start":{"line":13,"column":2},"end":{"line":28,"column":3}},"4":{"start":{"line":15,"column":6},"end":{"line":15,"column":46}},"5":{"start":{"line":16,"column":6},"end":{"line":16,"column":12}},"6":{"start":{"line":18,"column":6},"end":{"line":18,"column":50}},"7":{"start":{"line":19,"column":6},"end":{"line":19,"column":12}},"8":{"start":{"line":21,"column":6},"end":{"line":21,"column":48}},"9":{"start":{"line":22,"column":6},"end":{"line":22,"column":12}},"10":{"start":{"line":24,"column":6},"end":{"line":24,"column":54}},"11":{"start":{"line":25,"column":6},"end":{"line":25,"column":12}},"12":{"start":{"line":27,"column":6},"end":{"line":27,"column":43}},"13":{"start":{"line":29,"column":2},"end":{"line":29,"column":14}},"14":{"start":{"line":37,"column":14},"end":{"line":37,"column":24}},"15":{"start":{"line":39,"column":14},"end":{"line":46,"column":4}},"16":{"start":{"line":48,"column":2},"end":{"line":63,"column":3}},"17":{"start":{"line":50,"column":4},"end":{"line":58,"column":7}},"18":{"start":{"line":60,"column":4},"end":{"line":60,"column":45}},"19":{"start":{"line":61,"column":4},"end":{"line":61,"column":96}},"20":{"start":{"line":62,"column":4},"end":{"line":62,"column":22}},"21":{"start":{"line":66,"column":0},"end":{"line":68,"column":2}}},"fnMap":{"0":{"name":"getNextOccurrence","decl":{"start":{"line":11,"column":9},"end":{"line":11,"column":26}},"loc":{"start":{"line":11,"column":57},"end":{"line":30,"column":1}},"line":11},"1":{"name":"processRecurringTransactions","decl":{"start":{"line":36,"column":15},"end":{"line":36,"column":43}},"loc":{"start":{"line":36,"column":46},"end":{"line":64,"column":1}},"line":36}},"branchMap":{"0":{"loc":{"start":{"line":13,"column":2},"end":{"line":28,"column":3}},"type":"switch","locations":[{"start":{"line":14,"column":4},"end":{"line":16,"column":12}},{"start":{"line":17,"column":4},"end":{"line":19,"column":12}},{"start":{"line":20,"column":4},"end":{"line":22,"column":12}},{"start":{"line":23,"column":4},"end":{"line":25,"column":12}},{"start":{"line":26,"column":4},"end":{"line":27,"column":43}}],"line":13}},"s":{"0":1,"1":1,"2":0,"3":0,"4":0,"5":0,"6":0,"7":0,"8":0,"9":0,"10":0,"11":0,"12":0,"13":0,"14":0,"15":0,"16":0,"17":0,"18":0,"19":0,"20":0,"21":1},"f":{"0":0,"1":0},"b":{"0":[0,0,0,0,0]},"_coverageSchema":"1a1c01bbd47fc00a2c39e90264f33305004495a9","hash":"a859f841b29e2cc0b5d2e22f2e007a94f1810308"}
,"/Users/patrickb./Desktop/Smart-Expense-Tracker/backend/src/middleware/auth.js": {"path":"/Users/patrickb./Desktop/Smart-Expense-Tracker/backend/src/middleware/auth.js","statementMap":{"0":{"start":{"line":1,"column":12},"end":{"line":1,"column":35}},"1":{"start":{"line":2,"column":15},"end":{"line":2,"column":35}},"2":{"start":{"line":3,"column":13},"end":{"line":3,"column":38}},"3":{"start":{"line":9,"column":13},"end":{"line":40,"column":1}},"4":{"start":{"line":10,"column":2},"end":{"line":39,"column":3}},"5":{"start":{"line":12,"column":23},"end":{"line":12,"column":50}},"6":{"start":{"line":13,"column":4},"end":{"line":15,"column":5}},"7":{"start":{"line":14,"column":6},"end":{"line":14,"column":66}},"8":{"start":{"line":17,"column":18},"end":{"line":17,"column":41}},"9":{"start":{"line":20,"column":20},"end":{"line":20,"column":55}},"10":{"start":{"line":23,"column":17},"end":{"line":23,"column":52}},"11":{"start":{"line":24,"column":4},"end":{"line":26,"column":5}},"12":{"start":{"line":25,"column":6},"end":{"line":25,"column":63}},"13":{"start":{"line":29,"column":4},"end":{"line":29,"column":20}},"14":{"start":{"line":30,"column":4},"end":{"line":30,"column":11}},"15":{"start":{"line":32,"column":4},"end":{"line":34,"column":5}},"16":{"start":{"line":33,"column":6},"end":{"line":33,"column":62}},"17":{"start":{"line":35,"column":4},"end":{"line":37,"column":5}},"18":{"start":{"line":36,"column":6},"end":{"line":36,"column":62}},"19":{"start":{"line":38,"column":4},"end":{"line":38,"column":60}},"20":{"start":{"line":45,"column":22},"end":{"line":51,"column":1}},"21":{"start":{"line":46,"column":2},"end":{"line":50,"column":4}},"22":{"start":{"line":53,"column":0},"end":{"line":56,"column":2}}},"fnMap":{"0":{"name":"(anonymous_0)","decl":{"start":{"line":9,"column":13},"end":{"line":9,"column":14}},"loc":{"start":{"line":9,"column":39},"end":{"line":40,"column":1}},"line":9},"1":{"name":"(anonymous_1)","decl":{"start":{"line":45,"column":22},"end":{"line":45,"column":23}},"loc":{"start":{"line":45,"column":34},"end":{"line":51,"column":1}},"line":45}},"branchMap":{"0":{"loc":{"start":{"line":13,"column":4},"end":{"line":15,"column":5}},"type":"if","locations":[{"start":{"line":13,"column":4},"end":{"line":15,"column":5}},{"start":{},"end":{}}],"line":13},"1":{"loc":{"start":{"line":24,"column":4},"end":{"line":26,"column":5}},"type":"if","locations":[{"start":{"line":24,"column":4},"end":{"line":26,"column":5}},{"start":{},"end":{}}],"line":24},"2":{"loc":{"start":{"line":32,"column":4},"end":{"line":34,"column":5}},"type":"if","locations":[{"start":{"line":32,"column":4},"end":{"line":34,"column":5}},{"start":{},"end":{}}],"line":32},"3":{"loc":{"start":{"line":35,"column":4},"end":{"line":37,"column":5}},"type":"if","locations":[{"start":{"line":35,"column":4},"end":{"line":37,"column":5}},{"start":{},"end":{}}],"line":35}},"s":{"0":1,"1":1,"2":1,"3":1,"4":0,"5":0,"6":0,"7":0,"8":0,"9":0,"10":0,"11":0,"12":0,"13":0,"14":0,"15":0,"16":0,"17":0,"18":0,"19":0,"20":1,"21":0,"22":1},"f":{"0":0,"1":0},"b":{"0":[0,0],"1":[0,0],"2":[0,0],"3":[0,0]},"_coverageSchema":"1a1c01bbd47fc00a2c39e90264f33305004495a9","hash":"b6e1fcca6c0a87442118a4144bda4c0cd92226ca"}
,"/Users/patrickb./Desktop/Smart-Expense-Tracker/backend/src/models/Expense.js": {"path":"/Users/patrickb./Desktop/Smart-Expense-Tracker/backend/src/models/Expense.js","statementMap":{"0":{"start":{"line":1,"column":17},"end":{"line":1,"column":36}},"1":{"start":{"line":3,"column":22},"end":{"line":92,"column":2}},"2":{"start":{"line":95,"column":0},"end":{"line":95,"column":43}},"3":{"start":{"line":98,"column":0},"end":{"line":98,"column":46}},"4":{"start":{"line":101,"column":0},"end":{"line":121,"column":2}},"5":{"start":{"line":102,"column":20},"end":{"line":102,"column":48}},"6":{"start":{"line":103,"column":18},"end":{"line":103,"column":42}},"7":{"start":{"line":105,"column":17},"end":{"line":118,"column":4}},"8":{"start":{"line":120,"column":2},"end":{"line":120,"column":49}},"9":{"start":{"line":124,"column":0},"end":{"line":145,"column":2}},"10":{"start":{"line":125,"column":20},"end":{"line":125,"column":48}},"11":{"start":{"line":126,"column":18},"end":{"line":126,"column":42}},"12":{"start":{"line":128,"column":17},"end":{"line":142,"column":4}},"13":{"start":{"line":144,"column":2},"end":{"line":144,"column":49}},"14":{"start":{"line":148,"column":0},"end":{"line":169,"column":2}},"15":{"start":{"line":149,"column":20},"end":{"line":149,"column":48}},"16":{"start":{"line":150,"column":18},"end":{"line":150,"column":42}},"17":{"start":{"line":152,"column":2},"end":{"line":168,"column":5}},"18":{"start":{"line":172,"column":0},"end":{"line":195,"column":2}},"19":{"start":{"line":173,"column":20},"end":{"line":173,"column":48}},"20":{"start":{"line":174,"column":18},"end":{"line":174,"column":42}},"21":{"start":{"line":176,"column":2},"end":{"line":194,"column":5}},"22":{"start":{"line":198,"column":0},"end":{"line":218,"column":2}},"23":{"start":{"line":199,"column":2},"end":{"line":217,"column":5}},"24":{"start":{"line":221,"column":0},"end":{"line":243,"column":2}},"25":{"start":{"line":222,"column":20},"end":{"line":222,"column":40}},"26":{"start":{"line":223,"column":18},"end":{"line":223,"column":57}},"27":{"start":{"line":224,"column":2},"end":{"line":242,"column":5}},"28":{"start":{"line":246,"column":0},"end":{"line":275,"column":2}},"29":{"start":{"line":247,"column":23},"end":{"line":247,"column":74}},"30":{"start":{"line":249,"column":2},"end":{"line":262,"column":3}},"31":{"start":{"line":250,"column":4},"end":{"line":250,"column":37}},"32":{"start":{"line":251,"column":4},"end":{"line":251,"column":54}},"33":{"start":{"line":252,"column":4},"end":{"line":252,"column":71}},"34":{"start":{"line":253,"column":9},"end":{"line":262,"column":3}},"35":{"start":{"line":254,"column":4},"end":{"line":254,"column":45}},"36":{"start":{"line":255,"column":4},"end":{"line":255,"column":56}},"37":{"start":{"line":256,"column":4},"end":{"line":256,"column":102}},"38":{"start":{"line":257,"column":9},"end":{"line":262,"column":3}},"39":{"start":{"line":259,"column":4},"end":{"line":259,"column":45}},"40":{"start":{"line":260,"column":4},"end":{"line":260,"column":56}},"41":{"start":{"line":261,"column":4},"end":{"line":261,"column":103}},"42":{"start":{"line":263,"column":2},"end":{"line":263,"column":50}},"43":{"start":{"line":264,"column":2},"end":{"line":274,"column":5}},"44":{"start":{"line":277,"column":16},"end":{"line":277,"column":56}},"45":{"start":{"line":279,"column":0},"end":{"line":279,"column":25}}},"fnMap":{"0":{"name":"(anonymous_0)","decl":{"start":{"line":101,"column":40},"end":{"line":101,"column":41}},"loc":{"start":{"line":101,"column":76},"end":{"line":121,"column":1}},"line":101},"1":{"name":"(anonymous_1)","decl":{"start":{"line":124,"column":46},"end":{"line":124,"column":47}},"loc":{"start":{"line":124,"column":88},"end":{"line":145,"column":1}},"line":124},"2":{"name":"(anonymous_2)","decl":{"start":{"line":148,"column":49},"end":{"line":148,"column":50}},"loc":{"start":{"line":148,"column":85},"end":{"line":169,"column":1}},"line":148},"3":{"name":"(anonymous_3)","decl":{"start":{"line":172,"column":55},"end":{"line":172,"column":56}},"loc":{"start":{"line":172,"column":97},"end":{"line":195,"column":1}},"line":172},"4":{"name":"(anonymous_4)","decl":{"start":{"line":198,"column":45},"end":{"line":198,"column":46}},"loc":{"start":{"line":198,"column":94},"end":{"line":218,"column":1}},"line":198},"5":{"name":"(anonymous_5)","decl":{"start":{"line":221,"column":45},"end":{"line":221,"column":46}},"loc":{"start":{"line":221,"column":80},"end":{"line":243,"column":1}},"line":221},"6":{"name":"(anonymous_6)","decl":{"start":{"line":246,"column":36},"end":{"line":246,"column":37}},"loc":{"start":{"line":246,"column":86},"end":{"line":275,"column":1}},"line":246}},"branchMap":{"0":{"loc":{"start":{"line":120,"column":9},"end":{"line":120,"column":48}},"type":"cond-expr","locations":[{"start":{"line":120,"column":29},"end":{"line":120,"column":44}},{"start":{"line":120,"column":47},"end":{"line":120,"column":48}}],"line":120},"1":{"loc":{"start":{"line":144,"column":9},"end":{"line":144,"column":48}},"type":"cond-expr","locations":[{"start":{"line":144,"column":29},"end":{"line":144,"column":44}},{"start":{"line":144,"column":47},"end":{"line":144,"column":48}}],"line":144},"2":{"loc":{"start":{"line":249,"column":2},"end":{"line":262,"column":3}},"type":"if","locations":[{"start":{"line":249,"column":2},"end":{"line":262,"column":3}},{"start":{"line":253,"column":9},"end":{"line":262,"column":3}}],"line":249},"3":{"loc":{"start":{"line":253,"column":9},"end":{"line":262,"column":3}},"type":"if","locations":[{"start":{"line":253,"column":9},"end":{"line":262,"column":3}},{"start":{"line":257,"column":9},"end":{"line":262,"column":3}}],"line":253},"4":{"loc":{"start":{"line":257,"column":9},"end":{"line":262,"column":3}},"type":"if","locations":[{"start":{"line":257,"column":9},"end":{"line":262,"column":3}},{"start":{},"end":{}}],"line":257}},"s":{"0":2,"1":2,"2":2,"3":2,"4":2,"5":1,"6":1,"7":1,"8":1,"9":2,"10":0,"11":0,"12":0,"13":0,"14":2,"15":1,"16":1,"17":1,"18":2,"19":0,"20":0,"21":0,"22":2,"23":0,"24":2,"25":0,"26":0,"27":0,"28":2,"29":0,"30":0,"31":0,"32":0,"33":0,"34":0,"35":0,"36":0,"37":0,"38":0,"39":0,"40":0,"41":0,"42":0,"43":0,"44":2,"45":2},"f":{"0":1,"1":0,"2":1,"3":0,"4":0,"5":0,"6":0},"b":{"0":[1,0],"1":[0,0],"2":[0,0],"3":[0,0],"4":[0,0]},"_coverageSchema":"1a1c01bbd47fc00a2c39e90264f33305004495a9","hash":"3cc43be188716b477db16c283ee5ef9a9d18ffc4"}
,"/Users/patrickb./Desktop/Smart-Expense-Tracker/backend/src/models/RecurringTransaction.js": {"path":"/Users/patrickb./Desktop/Smart-Expense-Tracker/backend/src/models/RecurringTransaction.js","statementMap":{"0":{"start":{"line":1,"column":17},"end":{"line":1,"column":36}},"1":{"start":{"line":3,"column":35},"end":{"line":65,"column":24}},"2":{"start":{"line":67,"column":0},"end":{"line":67,"column":84}}},"fnMap":{},"branchMap":{},"s":{"0":1,"1":1,"2":1},"f":{},"b":{},"_coverageSchema":"1a1c01bbd47fc00a2c39e90264f33305004495a9","hash":"e3b0073dd81b9028fcbfb9a22693f0b199ef09fb"}
,"/Users/patrickb./Desktop/Smart-Expense-Tracker/backend/src/models/User.js": {"path":"/Users/patrickb./Desktop/Smart-Expense-Tracker/backend/src/models/User.js","statementMap":{"0":{"start":{"line":1,"column":17},"end":{"line":1,"column":36}},"1":{"start":{"line":2,"column":15},"end":{"line":2,"column":34}},"2":{"start":{"line":4,"column":19},"end":{"line":50,"column":2}},"3":{"start":{"line":53,"column":0},"end":{"line":63,"column":3}},"4":{"start":{"line":54,"column":2},"end":{"line":54,"column":50}},"5":{"start":{"line":54,"column":36},"end":{"line":54,"column":50}},"6":{"start":{"line":56,"column":2},"end":{"line":62,"column":3}},"7":{"start":{"line":57,"column":17},"end":{"line":57,"column":41}},"8":{"start":{"line":58,"column":4},"end":{"line":58,"column":59}},"9":{"start":{"line":59,"column":4},"end":{"line":59,"column":11}},"10":{"start":{"line":61,"column":4},"end":{"line":61,"column":16}},"11":{"start":{"line":66,"column":0},"end":{"line":68,"column":2}},"12":{"start":{"line":67,"column":2},"end":{"line":67,"column":58}},"13":{"start":{"line":71,"column":0},"end":{"line":75,"column":2}},"14":{"start":{"line":72,"column":15},"end":{"line":72,"column":30}},"15":{"start":{"line":73,"column":2},"end":{"line":73,"column":23}},"16":{"start":{"line":74,"column":2},"end":{"line":74,"column":14}},"17":{"start":{"line":77,"column":13},"end":{"line":77,"column":47}},"18":{"start":{"line":79,"column":0},"end":{"line":79,"column":22}}},"fnMap":{"0":{"name":"(anonymous_0)","decl":{"start":{"line":53,"column":23},"end":{"line":53,"column":24}},"loc":{"start":{"line":53,"column":44},"end":{"line":63,"column":1}},"line":53},"1":{"name":"(anonymous_1)","decl":{"start":{"line":66,"column":37},"end":{"line":66,"column":38}},"loc":{"start":{"line":66,"column":71},"end":{"line":68,"column":1}},"line":66},"2":{"name":"(anonymous_2)","decl":{"start":{"line":71,"column":34},"end":{"line":71,"column":35}},"loc":{"start":{"line":71,"column":45},"end":{"line":75,"column":1}},"line":71}},"branchMap":{"0":{"loc":{"start":{"line":54,"column":2},"end":{"line":54,"column":50}},"type":"if","locations":[{"start":{"line":54,"column":2},"end":{"line":54,"column":50}},{"start":{},"end":{}}],"line":54}},"s":{"0":3,"1":3,"2":3,"3":3,"4":4,"5":0,"6":4,"7":4,"8":4,"9":4,"10":0,"11":3,"12":2,"13":3,"14":1,"15":1,"16":1,"17":3,"18":3},"f":{"0":4,"1":2,"2":1},"b":{"0":[0,4]},"_coverageSchema":"1a1c01bbd47fc00a2c39e90264f33305004495a9","hash":"ff9957202fb86c5ff0f87de64f116c5f99abf910"}
,"/Users/patrickb./Desktop/Smart-Expense-Tracker/backend/src/routes/expenseRoutes.js": {"path":"/Users/patrickb./Desktop/Smart-Expense-Tracker/backend/src/routes/expenseRoutes.js","statementMap":{"0":{"start":{"line":1,"column":16},"end":{"line":1,"column":34}},"1":{"start":{"line":2,"column":15},"end":{"line":2,"column":31}},"2":{"start":{"line":3,"column":26},"end":{"line":3,"column":69}},"3":{"start":{"line":4,"column":17},"end":{"line":4,"column":46}},"4":{"start":{"line":7,"column":0},"end":{"line":7,"column":17}},"5":{"start":{"line":10,"column":0},"end":{"line":10,"column":43}},"6":{"start":{"line":13,"column":0},"end":{"line":13,"column":42}},"7":{"start":{"line":16,"column":0},"end":{"line":16,"column":56}},"8":{"start":{"line":18,"column":0},"end":{"line":18,"column":60}},"9":{"start":{"line":20,"column":0},"end":{"line":20,"column":60}},"10":{"start":{"line":22,"column":0},"end":{"line":22,"column":66}},"11":{"start":{"line":25,"column":0},"end":{"line":25,"column":46}},"12":{"start":{"line":28,"column":0},"end":{"line":28,"column":47}},"13":{"start":{"line":31,"column":0},"end":{"line":31,"column":48}},"14":{"start":{"line":33,"column":0},"end":{"line":33,"column":24}}},"fnMap":{},"branchMap":{},"s":{"0":1,"1":1,"2":1,"3":1,"4":1,"5":1,"6":1,"7":1,"8":1,"9":1,"10":1,"11":1,"12":1,"13":1,"14":1},"f":{},"b":{},"_coverageSchema":"1a1c01bbd47fc00a2c39e90264f33305004495a9","hash":"e548b35b1e9a593d4392b55f4ea5fafe7fce1d7d"}
,"/Users/patrickb./Desktop/Smart-Expense-Tracker/backend/src/routes/passwordResetRoutes.js": {"path":"/Users/patrickb./Desktop/Smart-Expense-Tracker/backend/src/routes/passwordResetRoutes.js","statementMap":{"0":{"start":{"line":1,"column":16},"end":{"line":1,"column":34}},"1":{"start":{"line":2,"column":15},"end":{"line":2,"column":31}},"2":{"start":{"line":3,"column":32},"end":{"line":3,"column":81}},"3":{"start":{"line":5,"column":0},"end":{"line":5,"column":72}},"4":{"start":{"line":6,"column":0},"end":{"line":6,"column":70}},"5":{"start":{"line":8,"column":0},"end":{"line":8,"column":24}}},"fnMap":{},"branchMap":{},"s":{"0":1,"1":1,"2":1,"3":1,"4":1,"5":1},"f":{},"b":{},"_coverageSchema":"1a1c01bbd47fc00a2c39e90264f33305004495a9","hash":"a443f15776a64203ac0f92fb66dc6e4cc217a852"}
,"/Users/patrickb./Desktop/Smart-Expense-Tracker/backend/src/routes/recurringRoutes.js": {"path":"/Users/patrickb./Desktop/Smart-Expense-Tracker/backend/src/routes/recurringRoutes.js","statementMap":{"0":{"start":{"line":1,"column":16},"end":{"line":1,"column":34}},"1":{"start":{"line":2,"column":15},"end":{"line":2,"column":31}},"2":{"start":{"line":3,"column":17},"end":{"line":3,"column":46}},"3":{"start":{"line":4,"column":28},"end":{"line":4,"column":73}},"4":{"start":{"line":7,"column":0},"end":{"line":7,"column":60}},"5":{"start":{"line":8,"column":0},"end":{"line":8,"column":56}},"6":{"start":{"line":9,"column":0},"end":{"line":9,"column":63}},"7":{"start":{"line":10,"column":0},"end":{"line":10,"column":62}},"8":{"start":{"line":11,"column":0},"end":{"line":11,"column":65}},"9":{"start":{"line":13,"column":0},"end":{"line":13,"column":24}}},"fnMap":{},"branchMap":{},"s":{"0":1,"1":1,"2":1,"3":1,"4":1,"5":1,"6":1,"7":1,"8":1,"9":1},"f":{},"b":{},"_coverageSchema":"1a1c01bbd47fc00a2c39e90264f33305004495a9","hash":"890c96c84bb11a4faa0d6f393ae37a270af15a16"}
,"/Users/patrickb./Desktop/Smart-Expense-Tracker/backend/src/routes/userRoutes.js": {"path":"/Users/patrickb./Desktop/Smart-Expense-Tracker/backend/src/routes/userRoutes.js","statementMap":{"0":{"start":{"line":1,"column":16},"end":{"line":1,"column":34}},"1":{"start":{"line":2,"column":15},"end":{"line":2,"column":31}},"2":{"start":{"line":3,"column":23},"end":{"line":3,"column":63}},"3":{"start":{"line":4,"column":17},"end":{"line":4,"column":46}},"4":{"start":{"line":7,"column":0},"end":{"line":7,"column":50}},"5":{"start":{"line":8,"column":0},"end":{"line":8,"column":44}},"6":{"start":{"line":11,"column":0},"end":{"line":11,"column":56}},"7":{"start":{"line":12,"column":0},"end":{"line":12,"column":61}},"8":{"start":{"line":13,"column":0},"end":{"line":13,"column":63}},"9":{"start":{"line":15,"column":0},"end":{"line":15,"column":24}}},"fnMap":{},"branchMap":{},"s":{"0":1,"1":1,"2":1,"3":1,"4":1,"5":1,"6":1,"7":1,"8":1,"9":1},"f":{},"b":{},"_coverageSchema":"1a1c01bbd47fc00a2c39e90264f33305004495a9","hash":"dad8ff5b4540825be382fcf27ab8569a8018738e"}
,"/Users/patrickb./Desktop/Smart-Expense-Tracker/backend/src/utils/sendEmail.js": {"path":"/Users/patrickb./Desktop/Smart-Expense-Tracker/backend/src/utils/sendEmail.js","statementMap":{"0":{"start":{"line":1,"column":19},"end":{"line":1,"column":40}},"1":{"start":{"line":3,"column":20},"end":{"line":9,"column":2}},"2":{"start":{"line":11,"column":0},"end":{"line":18,"column":2}},"3":{"start":{"line":12,"column":2},"end":{"line":17,"column":5}}},"fnMap":{"0":{"name":"sendEmail","decl":{"start":{"line":11,"column":32},"end":{"line":11,"column":41}},"loc":{"start":{"line":11,"column":61},"end":{"line":18,"column":1}},"line":11}},"branchMap":{},"s":{"0":1,"1":1,"2":1,"3":0},"f":{"0":0},"b":{},"_coverageSchema":"1a1c01bbd47fc00a2c39e90264f33305004495a9","hash":"9607d3e0a3ce01cd72c689a054d5b2272fa49e69"}
}
